<?xml version="1.0" encoding="UTF-8"?>
<!-- Generated by org.testng.reporters.JUnitReportReporter -->
<testsuite skipped="0" hostname="RSLPTP1013" name="com.testPage.LoginPageTest" tests="6" failures="0" timestamp="22 Aug 2020 16:33:07 GMT" time="145.243" errors="0">
  <testcase name="verifyLoginPageTitleTest" time="21.007" classname="com.testPage.LoginPageTest"/>
  <testcase name="verifyLoginPageTitleTest" time="12.021" classname="com.testPage.LoginPageTest"/>
  <testcase name="verifyLoginPageHeaderTest" time="18.185" classname="com.testPage.LoginPageTest"/>
  <testcase name="verifyLoginPageHeaderTest" time="10.879" classname="com.testPage.LoginPageTest"/>
  <testcase name="verifyValidLoginTest" time="57.960" classname="com.testPage.LoginPageTest"/>
  <testcase name="verifyValidLoginTest" time="25.191" classname="com.testPage.LoginPageTest"/>
</testsuite> <!-- com.testPage.LoginPageTest -->
