<?xml version="1.0" encoding="UTF-8"?>
<!-- Generated by org.testng.reporters.JUnitReportReporter -->
<testsuite skipped="0" hostname="RSLPTP1013" name="com.testPage.LoginPageTest" tests="3" failures="0" timestamp="20 Aug 2020 20:18:37 GMT" time="95.651" errors="0">
  <testcase name="verifyLoginPageTitleTest" time="36.437" classname="com.testPage.LoginPageTest"/>
  <testcase name="verifyLoginPageHeaderTest" time="22.112" classname="com.testPage.LoginPageTest"/>
  <testcase name="verifyValidLoginTest" time="37.102" classname="com.testPage.LoginPageTest"/>
</testsuite> <!-- com.testPage.LoginPageTest -->
